<?xml version="1.0" encoding="UTF-8"?>
<!-- Generated by org.testng.reporters.JUnitReportReporter -->
<testsuite skipped="0" hostname="johnnys-mbp.partner.bs.br.bsch" name="br.com.ibm.s2m.sideFilter.validarVisaoGestorSidefilter" tests="1" failures="0" timestamp="19 Oct 2018 14:33:36 GMT" time="138.355" errors="0">
  <testcase name="test" time="138.355" classname="br.com.ibm.s2m.sideFilter.validarVisaoGestorSidefilter"/>
</testsuite> <!-- br.com.ibm.s2m.sideFilter.validarVisaoGestorSidefilter -->
