<?xml version="1.0" encoding="UTF-8"?>
<!-- Generated by org.testng.reporters.JUnitReportReporter -->
<testsuite skipped="0" hostname="johnnys-mbp.partner.bs.br.bsch" name="br.com.s2m.statuscockpit.StatusCockpitOrdemNivelTabela" tests="1" failures="0" timestamp="19 Oct 2018 14:33:36 GMT" time="129.632" errors="0">
  <testcase name="primeiroteste" time="129.632" classname="br.com.s2m.statuscockpit.StatusCockpitOrdemNivelTabela"/>
</testsuite> <!-- br.com.s2m.statuscockpit.StatusCockpitOrdemNivelTabela -->
