<?xml version="1.0" encoding="UTF-8"?>
<!-- Generated by org.testng.reporters.JUnitReportReporter -->
<testsuite skipped="0" hostname="admin-PC" name="br.com.s2m.statusactionplan.StatusCockpit" tests="1" failures="0" timestamp="02 out 2018 21:04:52 GMT" time="119.903" errors="0">
  <testcase name="primeiroteste" time="119.903" classname="br.com.s2m.statusactionplan.StatusCockpit"/>
</testsuite> <!-- br.com.s2m.statusactionplan.StatusCockpit -->
