<?xml version="1.0" encoding="UTF-8"?>
<!-- Generated by org.testng.reporters.JUnitReportReporter -->
<testsuite skipped="0" hostname="admin-PC" name="br.com.s2m.statuscockpit.StatusCockpitTotalTabelaERegua_2_3_CT04" tests="1" failures="0" timestamp="29 out 2018 20:34:35 GMT" time="107.647" errors="0">
  <testcase name="primeiroteste" time="107.647" classname="br.com.s2m.statuscockpit.StatusCockpitTotalTabelaERegua_2_3_CT04"/>
</testsuite> <!-- br.com.s2m.statuscockpit.StatusCockpitTotalTabelaERegua_2_3_CT04 -->
