<?xml version="1.0" encoding="UTF-8"?>
<!-- Generated by org.testng.reporters.JUnitReportReporter -->
<testsuite skipped="0" hostname="johnnys-mbp.partner.bs.br.bsch" name="br.com.s2m.statusactionplan.StatusActionPlanComboGestorResponsavel" tests="1" failures="0" timestamp="19 Oct 2018 14:33:36 GMT" time="76.020" errors="0">
  <testcase name="primeiroteste" time="76.020" classname="br.com.s2m.statusactionplan.StatusActionPlanComboGestorResponsavel"/>
</testsuite> <!-- br.com.s2m.statusactionplan.StatusActionPlanComboGestorResponsavel -->
