<?xml version="1.0" encoding="UTF-8"?>
<!-- Generated by org.testng.reporters.JUnitReportReporter -->
<testsuite skipped="0" hostname="johnnys-mbp.partner.bs.br.bsch" name="br.com.ibm.s2m.availabilityEnvironment.validarDefaultDisponibilidadeAmbiente" tests="1" failures="0" timestamp="18 Oct 2018 17:50:09 GMT" time="77.764" errors="0">
  <testcase name="test" time="77.764" classname="br.com.ibm.s2m.availabilityEnvironment.validarDefaultDisponibilidadeAmbiente"/>
</testsuite> <!-- br.com.ibm.s2m.availabilityEnvironment.validarDefaultDisponibilidadeAmbiente -->
