<?xml version="1.0" encoding="UTF-8"?>
<!-- Generated by org.testng.reporters.JUnitReportReporter -->
<<<<<<< HEAD
<testsuite skipped="0" hostname="admin-PC" name="br.com.s2m.statuscockpit.StatusCockpitOrdemNivelNotaFinal" tests="1" failures="0" timestamp="29 out 2018 19:00:29 GMT" time="104.485" errors="0">
  <testcase name="primeiroteste" time="104.485" classname="br.com.s2m.statuscockpit.StatusCockpitOrdemNivelNotaFinal"/>
=======
<testsuite skipped="0" hostname="johnnys-mbp.partner.bs.br.bsch" name="br.com.s2m.statuscockpit.StatusCockpitOrdemNivelNotaFinal" tests="1" failures="0" timestamp="19 Oct 2018 14:33:36 GMT" time="102.447" errors="0">
  <testcase name="primeiroteste" time="102.447" classname="br.com.s2m.statuscockpit.StatusCockpitOrdemNivelNotaFinal"/>
>>>>>>> aecdfcfe8f1af81a7da62981bd27a288dc8ba3d6
</testsuite> <!-- br.com.s2m.statuscockpit.StatusCockpitOrdemNivelNotaFinal -->
